running egg_info
writing ../../build/mission_executor/mission_executor.egg-info/PKG-INFO
writing dependency_links to ../../build/mission_executor/mission_executor.egg-info/dependency_links.txt
writing entry points to ../../build/mission_executor/mission_executor.egg-info/entry_points.txt
writing requirements to ../../build/mission_executor/mission_executor.egg-info/requires.txt
writing top-level names to ../../build/mission_executor/mission_executor.egg-info/top_level.txt
reading manifest file '../../build/mission_executor/mission_executor.egg-info/SOURCES.txt'
writing manifest file '../../build/mission_executor/mission_executor.egg-info/SOURCES.txt'
running build
running build_py
copying mission_executor/main.py -> /home/aniket/Omokai-Robotics/ros2_ws/build/mission_executor/build/lib/mission_executor
running install
running install_lib
copying /home/aniket/Omokai-Robotics/ros2_ws/build/mission_executor/build/lib/mission_executor/main.py -> /home/aniket/Omokai-Robotics/ros2_ws/install/mission_executor/lib/python3.10/site-packages/mission_executor
byte-compiling /home/aniket/Omokai-Robotics/ros2_ws/install/mission_executor/lib/python3.10/site-packages/mission_executor/main.py to main.cpython-310.pyc
running install_data
running install_egg_info
removing '/home/aniket/Omokai-Robotics/ros2_ws/install/mission_executor/lib/python3.10/site-packages/mission_executor-0.0.0-py3.10.egg-info' (and everything under it)
Copying ../../build/mission_executor/mission_executor.egg-info to /home/aniket/Omokai-Robotics/ros2_ws/install/mission_executor/lib/python3.10/site-packages/mission_executor-0.0.0-py3.10.egg-info
running install_scripts
Installing main script to /home/aniket/Omokai-Robotics/ros2_ws/install/mission_executor/lib/mission_executor
writing list of installed files to '/home/aniket/Omokai-Robotics/ros2_ws/build/mission_executor/install.log'
