[0.959s] Invoking command in '/home/aniket/Omokai-Robotics/ros2_ws/src/mission_executor': PYTHONPATH=/home/aniket/Omokai-Robotics/ros2_ws/build/mission_executor/prefix_override:/usr/lib/python3/dist-packages/colcon_core/task/python/colcon_distutils_commands:/home/aniket/Omokai-Robotics/ros2_ws/install/mission_executor/lib/python3.10/site-packages:${PYTHONPATH} /usr/bin/python3 -W ignore:setup.py install is deprecated -W ignore:easy_install command is deprecated setup.py egg_info --egg-base ../../build/mission_executor build --build-base /home/aniket/Omokai-Robotics/ros2_ws/build/mission_executor/build install --record /home/aniket/Omokai-Robotics/ros2_ws/build/mission_executor/install.log --install-scripts $base/lib/mission_executor --single-version-externally-managed install_data
[1.183s] running egg_info
[1.183s] writing ../../build/mission_executor/mission_executor.egg-info/PKG-INFO
[1.184s] writing dependency_links to ../../build/mission_executor/mission_executor.egg-info/dependency_links.txt
[1.186s] writing entry points to ../../build/mission_executor/mission_executor.egg-info/entry_points.txt
[1.186s] writing requirements to ../../build/mission_executor/mission_executor.egg-info/requires.txt
[1.186s] writing top-level names to ../../build/mission_executor/mission_executor.egg-info/top_level.txt
[1.191s] reading manifest file '../../build/mission_executor/mission_executor.egg-info/SOURCES.txt'
[1.194s] writing manifest file '../../build/mission_executor/mission_executor.egg-info/SOURCES.txt'
[1.195s] running build
[1.195s] running build_py
[1.196s] copying mission_executor/main.py -> /home/aniket/Omokai-Robotics/ros2_ws/build/mission_executor/build/lib/mission_executor
[1.196s] running install
[1.197s] running install_lib
[1.199s] copying /home/aniket/Omokai-Robotics/ros2_ws/build/mission_executor/build/lib/mission_executor/main.py -> /home/aniket/Omokai-Robotics/ros2_ws/install/mission_executor/lib/python3.10/site-packages/mission_executor
[1.200s] byte-compiling /home/aniket/Omokai-Robotics/ros2_ws/install/mission_executor/lib/python3.10/site-packages/mission_executor/main.py to main.cpython-310.pyc
[1.202s] running install_data
[1.202s] running install_egg_info
[1.204s] removing '/home/aniket/Omokai-Robotics/ros2_ws/install/mission_executor/lib/python3.10/site-packages/mission_executor-0.0.0-py3.10.egg-info' (and everything under it)
[1.206s] Copying ../../build/mission_executor/mission_executor.egg-info to /home/aniket/Omokai-Robotics/ros2_ws/install/mission_executor/lib/python3.10/site-packages/mission_executor-0.0.0-py3.10.egg-info
[1.209s] running install_scripts
[1.233s] Installing main script to /home/aniket/Omokai-Robotics/ros2_ws/install/mission_executor/lib/mission_executor
[1.237s] writing list of installed files to '/home/aniket/Omokai-Robotics/ros2_ws/build/mission_executor/install.log'
[1.282s] Invoked command in '/home/aniket/Omokai-Robotics/ros2_ws/src/mission_executor' returned '0': PYTHONPATH=/home/aniket/Omokai-Robotics/ros2_ws/build/mission_executor/prefix_override:/usr/lib/python3/dist-packages/colcon_core/task/python/colcon_distutils_commands:/home/aniket/Omokai-Robotics/ros2_ws/install/mission_executor/lib/python3.10/site-packages:${PYTHONPATH} /usr/bin/python3 -W ignore:setup.py install is deprecated -W ignore:easy_install command is deprecated setup.py egg_info --egg-base ../../build/mission_executor build --build-base /home/aniket/Omokai-Robotics/ros2_ws/build/mission_executor/build install --record /home/aniket/Omokai-Robotics/ros2_ws/build/mission_executor/install.log --install-scripts $base/lib/mission_executor --single-version-externally-managed install_data
