running egg_info
creating ../../build/mission_executor/mission_executor.egg-info
writing ../../build/mission_executor/mission_executor.egg-info/PKG-INFO
writing dependency_links to ../../build/mission_executor/mission_executor.egg-info/dependency_links.txt
writing entry points to ../../build/mission_executor/mission_executor.egg-info/entry_points.txt
writing requirements to ../../build/mission_executor/mission_executor.egg-info/requires.txt
writing top-level names to ../../build/mission_executor/mission_executor.egg-info/top_level.txt
writing manifest file '../../build/mission_executor/mission_executor.egg-info/SOURCES.txt'
reading manifest file '../../build/mission_executor/mission_executor.egg-info/SOURCES.txt'
writing manifest file '../../build/mission_executor/mission_executor.egg-info/SOURCES.txt'
running build
running build_py
creating /home/aniket/Omokai-Robotics/ros2_ws/build/mission_executor/build
creating /home/aniket/Omokai-Robotics/ros2_ws/build/mission_executor/build/lib
creating /home/aniket/Omokai-Robotics/ros2_ws/build/mission_executor/build/lib/mission_executor
copying mission_executor/__init__.py -> /home/aniket/Omokai-Robotics/ros2_ws/build/mission_executor/build/lib/mission_executor
running install
running install_lib
creating /home/aniket/Omokai-Robotics/ros2_ws/install/mission_executor/lib/python3.10/site-packages/mission_executor
copying /home/aniket/Omokai-Robotics/ros2_ws/build/mission_executor/build/lib/mission_executor/__init__.py -> /home/aniket/Omokai-Robotics/ros2_ws/install/mission_executor/lib/python3.10/site-packages/mission_executor
byte-compiling /home/aniket/Omokai-Robotics/ros2_ws/install/mission_executor/lib/python3.10/site-packages/mission_executor/__init__.py to __init__.cpython-310.pyc
running install_data
creating /home/aniket/Omokai-Robotics/ros2_ws/install/mission_executor/share/ament_index
creating /home/aniket/Omokai-Robotics/ros2_ws/install/mission_executor/share/ament_index/resource_index
creating /home/aniket/Omokai-Robotics/ros2_ws/install/mission_executor/share/ament_index/resource_index/packages
copying resource/mission_executor -> /home/aniket/Omokai-Robotics/ros2_ws/install/mission_executor/share/ament_index/resource_index/packages
copying package.xml -> /home/aniket/Omokai-Robotics/ros2_ws/install/mission_executor/share/mission_executor
running install_egg_info
Copying ../../build/mission_executor/mission_executor.egg-info to /home/aniket/Omokai-Robotics/ros2_ws/install/mission_executor/lib/python3.10/site-packages/mission_executor-0.0.0-py3.10.egg-info
running install_scripts
writing list of installed files to '/home/aniket/Omokai-Robotics/ros2_ws/build/mission_executor/install.log'
