[0.993s] Invoking command in '/home/aniket/Omokai-Robotics/ros2_ws/src/mission_executor': PYTHONPATH=/home/aniket/Omokai-Robotics/ros2_ws/build/mission_executor/prefix_override:/usr/lib/python3/dist-packages/colcon_core/task/python/colcon_distutils_commands:/home/aniket/Omokai-Robotics/ros2_ws/install/mission_executor/lib/python3.10/site-packages:${PYTHONPATH} /usr/bin/python3 -W ignore:setup.py install is deprecated -W ignore:easy_install command is deprecated setup.py egg_info --egg-base ../../build/mission_executor build --build-base /home/aniket/Omokai-Robotics/ros2_ws/build/mission_executor/build install --record /home/aniket/Omokai-Robotics/ros2_ws/build/mission_executor/install.log --install-scripts $base/lib/mission_executor --single-version-externally-managed install_data
[1.187s] running egg_info
[1.189s] creating ../../build/mission_executor/mission_executor.egg-info
[1.190s] writing ../../build/mission_executor/mission_executor.egg-info/PKG-INFO
[1.191s] writing dependency_links to ../../build/mission_executor/mission_executor.egg-info/dependency_links.txt
[1.192s] writing entry points to ../../build/mission_executor/mission_executor.egg-info/entry_points.txt
[1.192s] writing requirements to ../../build/mission_executor/mission_executor.egg-info/requires.txt
[1.192s] writing top-level names to ../../build/mission_executor/mission_executor.egg-info/top_level.txt
[1.192s] writing manifest file '../../build/mission_executor/mission_executor.egg-info/SOURCES.txt'
[1.194s] reading manifest file '../../build/mission_executor/mission_executor.egg-info/SOURCES.txt'
[1.195s] writing manifest file '../../build/mission_executor/mission_executor.egg-info/SOURCES.txt'
[1.195s] running build
[1.196s] running build_py
[1.196s] creating /home/aniket/Omokai-Robotics/ros2_ws/build/mission_executor/build
[1.196s] creating /home/aniket/Omokai-Robotics/ros2_ws/build/mission_executor/build/lib
[1.197s] creating /home/aniket/Omokai-Robotics/ros2_ws/build/mission_executor/build/lib/mission_executor
[1.198s] copying mission_executor/__init__.py -> /home/aniket/Omokai-Robotics/ros2_ws/build/mission_executor/build/lib/mission_executor
[1.198s] running install
[1.198s] running install_lib
[1.199s] creating /home/aniket/Omokai-Robotics/ros2_ws/install/mission_executor/lib/python3.10/site-packages/mission_executor
[1.200s] copying /home/aniket/Omokai-Robotics/ros2_ws/build/mission_executor/build/lib/mission_executor/__init__.py -> /home/aniket/Omokai-Robotics/ros2_ws/install/mission_executor/lib/python3.10/site-packages/mission_executor
[1.201s] byte-compiling /home/aniket/Omokai-Robotics/ros2_ws/install/mission_executor/lib/python3.10/site-packages/mission_executor/__init__.py to __init__.cpython-310.pyc
[1.202s] running install_data
[1.202s] creating /home/aniket/Omokai-Robotics/ros2_ws/install/mission_executor/share/ament_index
[1.203s] creating /home/aniket/Omokai-Robotics/ros2_ws/install/mission_executor/share/ament_index/resource_index
[1.205s] creating /home/aniket/Omokai-Robotics/ros2_ws/install/mission_executor/share/ament_index/resource_index/packages
[1.205s] copying resource/mission_executor -> /home/aniket/Omokai-Robotics/ros2_ws/install/mission_executor/share/ament_index/resource_index/packages
[1.206s] copying package.xml -> /home/aniket/Omokai-Robotics/ros2_ws/install/mission_executor/share/mission_executor
[1.206s] running install_egg_info
[1.208s] Copying ../../build/mission_executor/mission_executor.egg-info to /home/aniket/Omokai-Robotics/ros2_ws/install/mission_executor/lib/python3.10/site-packages/mission_executor-0.0.0-py3.10.egg-info
[1.211s] running install_scripts
[1.232s] writing list of installed files to '/home/aniket/Omokai-Robotics/ros2_ws/build/mission_executor/install.log'
[1.266s] Invoked command in '/home/aniket/Omokai-Robotics/ros2_ws/src/mission_executor' returned '0': PYTHONPATH=/home/aniket/Omokai-Robotics/ros2_ws/build/mission_executor/prefix_override:/usr/lib/python3/dist-packages/colcon_core/task/python/colcon_distutils_commands:/home/aniket/Omokai-Robotics/ros2_ws/install/mission_executor/lib/python3.10/site-packages:${PYTHONPATH} /usr/bin/python3 -W ignore:setup.py install is deprecated -W ignore:easy_install command is deprecated setup.py egg_info --egg-base ../../build/mission_executor build --build-base /home/aniket/Omokai-Robotics/ros2_ws/build/mission_executor/build install --record /home/aniket/Omokai-Robotics/ros2_ws/build/mission_executor/install.log --install-scripts $base/lib/mission_executor --single-version-externally-managed install_data
